2023-06-05T13:20:11.374+07:00  INFO 9956 --- [restartedMain] c.f.garudaku.GarudakuApplication         : Starting GarudakuApplication using Java 17.0.2 with PID 9956 (D:\Materi Kuliah\!Binar Academy MSIB\Ch-8-9 Final Project\Garudaku\target\classes started by ARJ in D:\Materi Kuliah\!Binar Academy MSIB\Ch-8-9 Final Project\Garudaku)
2023-06-05T13:20:11.382+07:00  INFO 9956 --- [restartedMain] c.f.garudaku.GarudakuApplication         : No active profile set, falling back to 1 default profile: "default"
2023-06-05T13:20:22.892+07:00  INFO 9956 --- [restartedMain] c.f.garudaku.GarudakuApplication         : Started GarudakuApplication in 12.274 seconds (process running for 14.548)
2023-06-05T13:24:41.831+07:00  INFO 21512 --- [restartedMain] c.f.garudaku.GarudakuApplication         : Starting GarudakuApplication using Java 17.0.2 with PID 21512 (D:\Materi Kuliah\!Binar Academy MSIB\Ch-8-9 Final Project\Garudaku\target\classes started by ARJ in D:\Materi Kuliah\!Binar Academy MSIB\Ch-8-9 Final Project\Garudaku)
2023-06-05T13:24:41.834+07:00  INFO 21512 --- [restartedMain] c.f.garudaku.GarudakuApplication         : No active profile set, falling back to 1 default profile: "default"
2023-06-05T13:24:49.396+07:00  INFO 21512 --- [restartedMain] c.f.garudaku.GarudakuApplication         : Started GarudakuApplication in 8.142 seconds (process running for 9.136)
2023-06-05T13:27:12.678+07:00  INFO 21512 --- [http-nio-8080-exec-8] c.f.garudaku.Controller.UserController   : Sukses Tampil Data
2023-06-05T13:27:52.252+07:00  INFO 21512 --- [http-nio-8080-exec-1] c.f.garudaku.Controller.UserController   : UsersEntity(uid_user=77d26f18-fe49-48bd-8824-c4ccf7bfd7b0, username=3, email=3, password=asd, full_name=diva juan, gender=L, telephone=089538079224          , photo_profile=string, roles=3, birth_date=2023-06-03, status_active=true, createdAt=2023-06-03T21:33:28.181689, modifiedAt=2023-06-03T21:51:32.817427)
2023-06-05T13:31:31.208+07:00  INFO 21512 --- [http-nio-8080-exec-6] c.f.garudaku.Controller.UserController   : UsersEntity(uid_user=25ba35a8-bfb5-40ce-a814-74cc713cc869, username=abyan, email=abyan@gmail.com, password=$2a$10$dC4CsZs8Wy82p9wJomvNOO6hNAQukzQ13mfRS0.7IIoKNn8PYZhDq, full_name=Abyan Surya, gender=L, telephone=012903812903, photo_profile=string, roles=ROLE_ADMIN, birth_date=2023-06-24, status_active=true, createdAt=2023-06-05T13:31:31.008455900, modifiedAt=2023-06-05T13:31:31.188973700)
2023-06-05T13:35:17.941+07:00  INFO 21512 --- [http-nio-8080-exec-2] c.f.garudaku.Controller.UserController   : UsersEntity(uid_user=5a4e74c7-3fc7-423c-a246-16cca5f02f98, username=anjas, email=mara@gmail.com, password=$2a$10$t7bWcHfwNFZ8I3udE36WWe8TpHY5n1HbO4qRVvGphXPS.DpGISZOi, full_name=Abyan anjas, gender=L, telephone=82713892739, photo_profile=string, roles=ROLE_ADMIN, birth_date=2023-06-25, status_active=true, createdAt=2023-06-05T13:35:17.844936500, modifiedAt=2023-06-05T13:35:17.940681900)
2023-06-05T13:36:44.349+07:00  INFO 26880 --- [restartedMain] c.f.garudaku.GarudakuApplication         : Starting GarudakuApplication using Java 17.0.2 with PID 26880 (D:\Materi Kuliah\!Binar Academy MSIB\Ch-8-9 Final Project\Garudaku\target\classes started by ARJ in D:\Materi Kuliah\!Binar Academy MSIB\Ch-8-9 Final Project\Garudaku)
2023-06-05T13:36:44.354+07:00  INFO 26880 --- [restartedMain] c.f.garudaku.GarudakuApplication         : No active profile set, falling back to 1 default profile: "default"
2023-06-05T13:36:52.110+07:00  INFO 26880 --- [restartedMain] c.f.garudaku.GarudakuApplication         : Started GarudakuApplication in 8.618 seconds (process running for 10.075)
2023-06-05T13:37:48.828+07:00  WARN 26880 --- [http-nio-8080-exec-8] c.f.garudaku.Controller.UserController   : org.springframework.dao.InvalidDataAccessApiUsageException: The given id must not be null
2023-06-05T13:38:37.837+07:00  INFO 10380 --- [restartedMain] c.f.garudaku.GarudakuApplication         : Starting GarudakuApplication using Java 17.0.2 with PID 10380 (D:\Materi Kuliah\!Binar Academy MSIB\Ch-8-9 Final Project\Garudaku\target\classes started by ARJ in D:\Materi Kuliah\!Binar Academy MSIB\Ch-8-9 Final Project\Garudaku)
2023-06-05T13:38:37.841+07:00  INFO 10380 --- [restartedMain] c.f.garudaku.GarudakuApplication         : No active profile set, falling back to 1 default profile: "default"
2023-06-05T13:38:46.008+07:00  INFO 10380 --- [restartedMain] c.f.garudaku.GarudakuApplication         : Started GarudakuApplication in 8.969 seconds (process running for 11.275)
2023-06-05T13:48:14.617+07:00  INFO 28388 --- [restartedMain] c.f.garudaku.GarudakuApplication         : Starting GarudakuApplication using Java 17.0.2 with PID 28388 (D:\Materi Kuliah\!Binar Academy MSIB\Ch-8-9 Final Project\Garudaku\target\classes started by ARJ in D:\Materi Kuliah\!Binar Academy MSIB\Ch-8-9 Final Project\Garudaku)
2023-06-05T13:48:14.621+07:00  INFO 28388 --- [restartedMain] c.f.garudaku.GarudakuApplication         : No active profile set, falling back to 1 default profile: "default"
2023-06-05T13:48:25.285+07:00  INFO 28388 --- [restartedMain] c.f.garudaku.GarudakuApplication         : Started GarudakuApplication in 11.592 seconds (process running for 12.996)
2023-06-05T13:49:23.749+07:00  INFO 28388 --- [http-nio-8080-exec-1] c.f.garudaku.Controller.UserController   : UsersEntity(uid_user=23338c1f-107e-49a7-9797-41c4bdb2c76b, username=string, email=string, password=$2a$10$en/m07jtowccikKHDDxZoeosAIsHK/iM.peNzj0ELZbYmQJe6FXkK, full_name=string, gender=L, telephone=09801273, photo_profile=string, roles=ROLE_ADMIN, birth_date=2023-06-05, status_active=true, createdAt=2023-06-05T13:49:23.590870700, modifiedAt=2023-06-05T13:49:23.730472600)
2023-06-05T13:50:56.370+07:00  INFO 28388 --- [http-nio-8080-exec-8] c.f.garudaku.Controller.UserController   : UsersEntity(uid_user=83ad3174-b531-4e7e-9455-40da956f7ebb, username=string, email=string, password=$2a$10$4FuWAe/BGLLsT.h39r7MFe88xU0pyHG/X96nxSexrZymg7JsYTjse, full_name=string, gender=L, telephone=09801273, photo_profile=string, roles=ROLE_ADMIN, birth_date=2023-06-05, status_active=true, createdAt=2023-06-05T13:50:56.284131400, modifiedAt=2023-06-05T13:50:56.369416)
2023-06-05T13:52:38.768+07:00  INFO 28388 --- [http-nio-8080-exec-10] c.f.garudaku.Controller.UserController   : UsersEntity(uid_user=8715e25b-c028-4f7d-8f64-e2ef5edddbae, username=string, email=string, password=$2a$10$jHGxwdy5JZs.k0mTo4p5YO10xwt0V79w.rTWlcOyH51VAlpWcCFha, full_name=string, gender=L, telephone=09801273, photo_profile=string, roles=ROLE_ADMIN, birth_date=2023-06-05, status_active=true, createdAt=2023-06-05T13:52:38.682270700, modifiedAt=2023-06-05T13:52:38.767044800)
